<?xml version="1.0" encoding="UTF-8"?>
<coverage generated="1677521540715" clover="3.2.0">
  <project timestamp="1677521540715" name="All files">
    <metrics statements="135" coveredstatements="135" conditionals="67" coveredconditionals="65" methods="27" coveredmethods="27" elements="229" coveredelements="227" complexity="0" loc="135" ncloc="135" packages="1" files="2" classes="2"/>
    <file name="custom-lodash.js" path="C:\Users\Dai\Desktop\JavaScript Code\RS Schools\daikneitas\daikneitas-JSFELT2022Q3\custom-lodash\daikneitas-JSFELT2022Q3\src\custom-lodash.js">
      <metrics statements="106" coveredstatements="106" conditionals="51" coveredconditionals="50" methods="19" coveredmethods="19"/>
      <line num="9" count="1" type="stmt"/>
      <line num="11" count="1" type="stmt"/>
      <line num="16" count="6" type="cond" truecount="2" falsecount="0"/>
      <line num="17" count="2" type="stmt"/>
      <line num="20" count="4" type="stmt"/>
      <line num="21" count="4" type="stmt"/>
      <line num="22" count="4" type="stmt"/>
      <line num="24" count="4" type="stmt"/>
      <line num="25" count="13" type="cond" truecount="2" falsecount="0"/>
      <line num="26" count="6" type="stmt"/>
      <line num="29" count="13" type="stmt"/>
      <line num="31" count="13" type="stmt"/>
      <line num="32" count="13" type="cond" truecount="2" falsecount="0"/>
      <line num="33" count="4" type="stmt"/>
      <line num="37" count="4" type="stmt"/>
      <line num="44" count="5" type="stmt"/>
      <line num="46" count="5" type="stmt"/>
      <line num="47" count="22" type="cond" truecount="2" falsecount="0"/>
      <line num="48" count="8" type="stmt"/>
      <line num="52" count="5" type="stmt"/>
      <line num="59" count="5" type="stmt"/>
      <line num="60" count="5" type="stmt"/>
      <line num="61" count="7" type="stmt"/>
      <line num="63" count="5" type="stmt"/>
      <line num="70" count="5" type="stmt"/>
      <line num="71" count="5" type="cond" truecount="2" falsecount="0"/>
      <line num="72" count="7" type="stmt"/>
      <line num="74" count="5" type="stmt"/>
      <line num="75" count="5" type="stmt"/>
      <line num="76" count="7" type="stmt"/>
      <line num="78" count="5" type="stmt"/>
      <line num="85" count="6" type="stmt"/>
      <line num="86" count="6" type="stmt"/>
      <line num="87" count="6" type="stmt"/>
      <line num="88" count="9" type="stmt"/>
      <line num="90" count="6" type="stmt"/>
      <line num="97" count="4" type="stmt"/>
      <line num="98" count="4" type="stmt"/>
      <line num="99" count="13" type="cond" truecount="2" falsecount="0"/>
      <line num="100" count="10" type="stmt"/>
      <line num="103" count="4" type="stmt"/>
      <line num="110" count="4" type="stmt"/>
      <line num="111" count="7" type="cond" truecount="2" falsecount="0"/>
      <line num="112" count="2" type="stmt"/>
      <line num="115" count="2" type="stmt"/>
      <line num="122" count="4" type="stmt"/>
      <line num="124" count="7" type="stmt"/>
      <line num="127" count="4" type="stmt"/>
      <line num="128" count="4" type="stmt"/>
      <line num="129" count="10" type="stmt"/>
      <line num="130" count="10" type="stmt"/>
      <line num="131" count="23" type="cond" truecount="2" falsecount="0"/>
      <line num="134" count="4" type="stmt"/>
      <line num="141" count="18" type="cond" truecount="2" falsecount="0"/>
      <line num="142" count="4" type="stmt"/>
      <line num="145" count="14" type="cond" truecount="2" falsecount="0"/>
      <line num="147" count="14" type="cond" truecount="2" falsecount="0"/>
      <line num="149" count="9" type="cond" truecount="2" falsecount="0"/>
      <line num="151" count="9" type="stmt"/>
      <line num="152" count="15" type="cond" truecount="2" falsecount="0"/>
      <line num="153" count="3" type="stmt"/>
      <line num="157" count="5" type="stmt"/>
      <line num="159" count="5" type="stmt"/>
      <line num="160" count="7" type="stmt"/>
      <line num="162" count="7" type="cond" truecount="2" falsecount="0"/>
      <line num="163" count="1" type="stmt"/>
      <line num="168" count="10" type="stmt"/>
      <line num="175" count="7" type="stmt"/>
      <line num="176" count="7" type="cond" truecount="2" falsecount="0"/>
      <line num="177" count="6" type="stmt"/>
      <line num="178" count="13" type="stmt"/>
      <line num="181" count="1" type="stmt"/>
      <line num="182" count="2" type="stmt"/>
      <line num="183" count="2" type="cond" truecount="1" falsecount="1"/>
      <line num="187" count="7" type="stmt"/>
      <line num="194" count="12" type="stmt"/>
      <line num="195" count="14" type="cond" truecount="2" falsecount="0"/>
      <line num="196" count="3" type="stmt"/>
      <line num="198" count="11" type="stmt"/>
      <line num="199" count="19" type="cond" truecount="4" falsecount="0"/>
      <line num="200" count="13" type="cond" truecount="2" falsecount="0"/>
      <line num="201" count="12" type="stmt"/>
      <line num="203" count="13" type="stmt"/>
      <line num="205" count="6" type="stmt"/>
      <line num="208" count="12" type="stmt"/>
      <line num="215" count="5" type="stmt"/>
      <line num="217" count="5" type="stmt"/>
      <line num="218" count="12" type="cond" truecount="2" falsecount="0"/>
      <line num="219" count="8" type="stmt"/>
      <line num="223" count="5" type="stmt"/>
      <line num="230" count="4" type="stmt"/>
      <line num="231" count="4" type="stmt"/>
      <line num="232" count="12" type="cond" truecount="2" falsecount="0"/>
      <line num="233" count="6" type="stmt"/>
      <line num="236" count="4" type="stmt"/>
      <line num="243" count="4" type="stmt"/>
      <line num="244" count="4" type="stmt"/>
      <line num="245" count="13" type="cond" truecount="2" falsecount="0"/>
      <line num="246" count="4" type="stmt"/>
      <line num="249" count="4" type="stmt"/>
      <line num="256" count="4" type="stmt"/>
      <line num="259" count="8" type="stmt"/>
      <line num="260" count="8" type="cond" truecount="2" falsecount="0"/>
      <line num="261" count="3" type="stmt"/>
      <line num="263" count="8" type="stmt"/>
      <line num="270" count="1" type="stmt"/>
    </file>
    <file name="helperFunc.js" path="C:\Users\Dai\Desktop\JavaScript Code\RS Schools\daikneitas\daikneitas-JSFELT2022Q3\custom-lodash\daikneitas-JSFELT2022Q3\src\helperFunc.js">
      <metrics statements="29" coveredstatements="29" conditionals="16" coveredconditionals="15" methods="8" coveredmethods="8"/>
      <line num="4" count="89" type="stmt"/>
      <line num="5" count="89" type="stmt"/>
      <line num="6" count="89" type="stmt"/>
      <line num="7" count="89" type="stmt"/>
      <line num="9" count="89" type="stmt"/>
      <line num="10" count="89" type="stmt"/>
      <line num="13" count="2" type="stmt"/>
      <line num="14" count="9" type="cond" truecount="2" falsecount="0"/>
      <line num="15" count="9" type="cond" truecount="2" falsecount="0"/>
      <line num="16" count="9" type="stmt"/>
      <line num="17" count="19" type="stmt"/>
      <line num="19" count="9" type="stmt"/>
      <line num="23" count="22" type="cond" truecount="2" falsecount="0"/>
      <line num="25" count="3" type="cond" truecount="1" falsecount="1"/>
      <line num="28" count="19" type="cond" truecount="2" falsecount="0"/>
      <line num="33" count="20" type="stmt"/>
      <line num="34" count="20" type="stmt"/>
      <line num="35" count="36" type="cond" truecount="2" falsecount="0"/>
      <line num="36" count="35" type="stmt"/>
      <line num="39" count="20" type="stmt"/>
      <line num="43" count="14" type="cond" truecount="2" falsecount="0"/>
      <line num="47" count="48" type="stmt"/>
      <line num="48" count="67" type="stmt"/>
      <line num="53" count="25" type="stmt"/>
      <line num="54" count="25" type="stmt"/>
      <line num="55" count="34" type="cond" truecount="2" falsecount="0"/>
      <line num="56" count="8" type="stmt"/>
      <line num="59" count="25" type="stmt"/>
      <line num="62" count="2" type="stmt"/>
    </file>
  </project>
</coverage>
