{"C:\\Users\\Dai\\Desktop\\JavaScript Code\\RS Schools\\daikneitas\\daikneitas-JSFELT2022Q3\\custom-lodash\\daikneitas-JSFELT2022Q3\\src\\custom-lodash.js": {"path":"C:\\Users\\Dai\\Desktop\\JavaScript Code\\RS Schools\\daikneitas\\daikneitas-JSFELT2022Q3\\custom-lodash\\daikneitas-JSFELT2022Q3\\src\\custom-lodash.js","statementMap":{"0":{"start":{"line":9,"column":4},"end":{"line":9,"column":30}},"1":{"start":{"line":11,"column":10},"end":{"line":268,"column":1}},"2":{"start":{"line":16,"column":4},"end":{"line":18,"column":5}},"3":{"start":{"line":17,"column":6},"end":{"line":17,"column":53}},"4":{"start":{"line":20,"column":19},"end":{"line":20,"column":21}},"5":{"start":{"line":21,"column":21},"end":{"line":21,"column":22}},"6":{"start":{"line":22,"column":23},"end":{"line":22,"column":24}},"7":{"start":{"line":24,"column":4},"end":{"line":35,"column":5}},"8":{"start":{"line":25,"column":6},"end":{"line":27,"column":7}},"9":{"start":{"line":26,"column":8},"end":{"line":26,"column":32}},"10":{"start":{"line":29,"column":6},"end":{"line":29,"column":58}},"11":{"start":{"line":31,"column":6},"end":{"line":31,"column":21}},"12":{"start":{"line":32,"column":6},"end":{"line":34,"column":7}},"13":{"start":{"line":33,"column":8},"end":{"line":33,"column":21}},"14":{"start":{"line":37,"column":4},"end":{"line":37,"column":18}},"15":{"start":{"line":44,"column":19},"end":{"line":44,"column":21}},"16":{"start":{"line":46,"column":4},"end":{"line":50,"column":5}},"17":{"start":{"line":46,"column":17},"end":{"line":46,"column":18}},"18":{"start":{"line":47,"column":6},"end":{"line":49,"column":7}},"19":{"start":{"line":48,"column":8},"end":{"line":48,"column":37}},"20":{"start":{"line":52,"column":4},"end":{"line":52,"column":18}},"21":{"start":{"line":59,"column":19},"end":{"line":59,"column":21}},"22":{"start":{"line":60,"column":4},"end":{"line":62,"column":5}},"23":{"start":{"line":60,"column":17},"end":{"line":60,"column":18}},"24":{"start":{"line":61,"column":6},"end":{"line":61,"column":35}},"25":{"start":{"line":63,"column":4},"end":{"line":63,"column":18}},"26":{"start":{"line":70,"column":16},"end":{"line":70,"column":17}},"27":{"start":{"line":71,"column":4},"end":{"line":73,"column":5}},"28":{"start":{"line":72,"column":6},"end":{"line":72,"column":14}},"29":{"start":{"line":74,"column":19},"end":{"line":74,"column":21}},"30":{"start":{"line":75,"column":4},"end":{"line":77,"column":5}},"31":{"start":{"line":75,"column":17},"end":{"line":75,"column":22}},"32":{"start":{"line":76,"column":6},"end":{"line":76,"column":35}},"33":{"start":{"line":78,"column":4},"end":{"line":78,"column":18}},"34":{"start":{"line":85,"column":19},"end":{"line":85,"column":21}},"35":{"start":{"line":86,"column":21},"end":{"line":86,"column":46}},"36":{"start":{"line":87,"column":4},"end":{"line":89,"column":5}},"37":{"start":{"line":87,"column":17},"end":{"line":87,"column":18}},"38":{"start":{"line":88,"column":6},"end":{"line":88,"column":35}},"39":{"start":{"line":90,"column":4},"end":{"line":90,"column":18}},"40":{"start":{"line":97,"column":19},"end":{"line":97,"column":21}},"41":{"start":{"line":98,"column":4},"end":{"line":102,"column":5}},"42":{"start":{"line":98,"column":17},"end":{"line":98,"column":18}},"43":{"start":{"line":99,"column":6},"end":{"line":101,"column":7}},"44":{"start":{"line":100,"column":8},"end":{"line":100,"column":35}},"45":{"start":{"line":103,"column":4},"end":{"line":103,"column":18}},"46":{"start":{"line":110,"column":4},"end":{"line":114,"column":5}},"47":{"start":{"line":110,"column":17},"end":{"line":110,"column":18}},"48":{"start":{"line":111,"column":6},"end":{"line":113,"column":7}},"49":{"start":{"line":112,"column":8},"end":{"line":112,"column":29}},"50":{"start":{"line":115,"column":4},"end":{"line":115,"column":21}},"51":{"start":{"line":122,"column":22},"end":{"line":126,"column":5}},"52":{"start":{"line":124,"column":20},"end":{"line":124,"column":45}},"53":{"start":{"line":127,"column":19},"end":{"line":127,"column":39}},"54":{"start":{"line":128,"column":4},"end":{"line":133,"column":5}},"55":{"start":{"line":128,"column":17},"end":{"line":128,"column":18}},"56":{"start":{"line":129,"column":6},"end":{"line":129,"column":43}},"57":{"start":{"line":130,"column":6},"end":{"line":132,"column":7}},"58":{"start":{"line":130,"column":19},"end":{"line":130,"column":20}},"59":{"start":{"line":131,"column":8},"end":{"line":131,"column":71}},"60":{"start":{"line":134,"column":4},"end":{"line":134,"column":18}},"61":{"start":{"line":141,"column":4},"end":{"line":143,"column":5}},"62":{"start":{"line":142,"column":6},"end":{"line":142,"column":63}},"63":{"start":{"line":145,"column":19},"end":{"line":145,"column":53}},"64":{"start":{"line":147,"column":4},"end":{"line":166,"column":5}},"65":{"start":{"line":149,"column":8},"end":{"line":149,"column":68}},"66":{"start":{"line":151,"column":6},"end":{"line":155,"column":7}},"67":{"start":{"line":151,"column":19},"end":{"line":151,"column":29}},"68":{"start":{"line":152,"column":8},"end":{"line":154,"column":9}},"69":{"start":{"line":153,"column":10},"end":{"line":153,"column":22}},"70":{"start":{"line":157,"column":19},"end":{"line":157,"column":47}},"71":{"start":{"line":159,"column":6},"end":{"line":165,"column":7}},"72":{"start":{"line":159,"column":19},"end":{"line":159,"column":20}},"73":{"start":{"line":159,"column":26},"end":{"line":159,"column":37}},"74":{"start":{"line":160,"column":20},"end":{"line":160,"column":27}},"75":{"start":{"line":162,"column":8},"end":{"line":164,"column":9}},"76":{"start":{"line":163,"column":10},"end":{"line":163,"column":22}},"77":{"start":{"line":168,"column":4},"end":{"line":168,"column":17}},"78":{"start":{"line":175,"column":17},"end":{"line":175,"column":19}},"79":{"start":{"line":176,"column":4},"end":{"line":186,"column":5}},"80":{"start":{"line":177,"column":6},"end":{"line":179,"column":7}},"81":{"start":{"line":178,"column":8},"end":{"line":178,"column":56}},"82":{"start":{"line":181,"column":6},"end":{"line":185,"column":7}},"83":{"start":{"line":182,"column":8},"end":{"line":184,"column":9}},"84":{"start":{"line":183,"column":10},"end":{"line":183,"column":77}},"85":{"start":{"line":183,"column":33},"end":{"line":183,"column":77}},"86":{"start":{"line":187,"column":4},"end":{"line":187,"column":18}},"87":{"start":{"line":194,"column":4},"end":{"line":207,"column":7}},"88":{"start":{"line":195,"column":6},"end":{"line":197,"column":7}},"89":{"start":{"line":196,"column":8},"end":{"line":196,"column":15}},"90":{"start":{"line":198,"column":6},"end":{"line":206,"column":9}},"91":{"start":{"line":199,"column":8},"end":{"line":204,"column":9}},"92":{"start":{"line":200,"column":10},"end":{"line":202,"column":11}},"93":{"start":{"line":201,"column":12},"end":{"line":201,"column":38}},"94":{"start":{"line":203,"column":10},"end":{"line":203,"column":17}},"95":{"start":{"line":205,"column":8},"end":{"line":205,"column":45}},"96":{"start":{"line":208,"column":4},"end":{"line":208,"column":18}},"97":{"start":{"line":215,"column":19},"end":{"line":215,"column":21}},"98":{"start":{"line":217,"column":4},"end":{"line":221,"column":5}},"99":{"start":{"line":218,"column":6},"end":{"line":220,"column":7}},"100":{"start":{"line":219,"column":8},"end":{"line":219,"column":34}},"101":{"start":{"line":223,"column":4},"end":{"line":223,"column":18}},"102":{"start":{"line":230,"column":19},"end":{"line":230,"column":21}},"103":{"start":{"line":231,"column":4},"end":{"line":235,"column":5}},"104":{"start":{"line":232,"column":6},"end":{"line":234,"column":7}},"105":{"start":{"line":233,"column":8},"end":{"line":233,"column":33}},"106":{"start":{"line":236,"column":4},"end":{"line":236,"column":18}},"107":{"start":{"line":243,"column":19},"end":{"line":243,"column":21}},"108":{"start":{"line":244,"column":4},"end":{"line":248,"column":5}},"109":{"start":{"line":245,"column":6},"end":{"line":247,"column":7}},"110":{"start":{"line":246,"column":8},"end":{"line":246,"column":31}},"111":{"start":{"line":249,"column":4},"end":{"line":249,"column":18}},"112":{"start":{"line":256,"column":4},"end":{"line":266,"column":6}},"113":{"start":{"line":259,"column":22},"end":{"line":259,"column":30}},"114":{"start":{"line":260,"column":8},"end":{"line":262,"column":9}},"115":{"start":{"line":261,"column":10},"end":{"line":261,"column":30}},"116":{"start":{"line":263,"column":8},"end":{"line":263,"column":22}},"117":{"start":{"line":270,"column":0},"end":{"line":270,"column":19}}},"fnMap":{"0":{"name":"(anonymous_0)","decl":{"start":{"line":15,"column":2},"end":{"line":15,"column":3}},"loc":{"start":{"line":15,"column":21},"end":{"line":38,"column":3}},"line":15},"1":{"name":"(anonymous_1)","decl":{"start":{"line":43,"column":2},"end":{"line":43,"column":3}},"loc":{"start":{"line":43,"column":17},"end":{"line":53,"column":3}},"line":43},"2":{"name":"(anonymous_2)","decl":{"start":{"line":58,"column":2},"end":{"line":58,"column":3}},"loc":{"start":{"line":58,"column":21},"end":{"line":64,"column":3}},"line":58},"3":{"name":"(anonymous_3)","decl":{"start":{"line":69,"column":2},"end":{"line":69,"column":3}},"loc":{"start":{"line":69,"column":30},"end":{"line":79,"column":3}},"line":69},"4":{"name":"(anonymous_4)","decl":{"start":{"line":84,"column":2},"end":{"line":84,"column":3}},"loc":{"start":{"line":84,"column":21},"end":{"line":91,"column":3}},"line":84},"5":{"name":"(anonymous_5)","decl":{"start":{"line":96,"column":2},"end":{"line":96,"column":3}},"loc":{"start":{"line":96,"column":25},"end":{"line":104,"column":3}},"line":96},"6":{"name":"(anonymous_6)","decl":{"start":{"line":109,"column":2},"end":{"line":109,"column":3}},"loc":{"start":{"line":109,"column":30},"end":{"line":116,"column":3}},"line":109},"7":{"name":"(anonymous_7)","decl":{"start":{"line":121,"column":2},"end":{"line":121,"column":3}},"loc":{"start":{"line":121,"column":17},"end":{"line":135,"column":3}},"line":121},"8":{"name":"(anonymous_8)","decl":{"start":{"line":124,"column":6},"end":{"line":124,"column":7}},"loc":{"start":{"line":124,"column":20},"end":{"line":124,"column":45}},"line":124},"9":{"name":"(anonymous_9)","decl":{"start":{"line":140,"column":2},"end":{"line":140,"column":3}},"loc":{"start":{"line":140,"column":45},"end":{"line":169,"column":3}},"line":140},"10":{"name":"(anonymous_10)","decl":{"start":{"line":174,"column":2},"end":{"line":174,"column":3}},"loc":{"start":{"line":174,"column":28},"end":{"line":188,"column":3}},"line":174},"11":{"name":"(anonymous_11)","decl":{"start":{"line":193,"column":2},"end":{"line":193,"column":3}},"loc":{"start":{"line":193,"column":28},"end":{"line":209,"column":3}},"line":193},"12":{"name":"(anonymous_12)","decl":{"start":{"line":194,"column":27},"end":{"line":194,"column":28}},"loc":{"start":{"line":194,"column":39},"end":{"line":207,"column":5}},"line":194},"13":{"name":"(anonymous_13)","decl":{"start":{"line":198,"column":46},"end":{"line":198,"column":47}},"loc":{"start":{"line":198,"column":55},"end":{"line":206,"column":7}},"line":198},"14":{"name":"(anonymous_14)","decl":{"start":{"line":214,"column":2},"end":{"line":214,"column":3}},"loc":{"start":{"line":214,"column":22},"end":{"line":224,"column":3}},"line":214},"15":{"name":"(anonymous_15)","decl":{"start":{"line":229,"column":2},"end":{"line":229,"column":3}},"loc":{"start":{"line":229,"column":25},"end":{"line":237,"column":3}},"line":229},"16":{"name":"(anonymous_16)","decl":{"start":{"line":242,"column":2},"end":{"line":242,"column":3}},"loc":{"start":{"line":242,"column":22},"end":{"line":250,"column":3}},"line":242},"17":{"name":"(anonymous_17)","decl":{"start":{"line":255,"column":2},"end":{"line":255,"column":3}},"loc":{"start":{"line":255,"column":25},"end":{"line":267,"column":3}},"line":255},"18":{"name":"(anonymous_18)","decl":{"start":{"line":258,"column":6},"end":{"line":258,"column":7}},"loc":{"start":{"line":258,"column":23},"end":{"line":264,"column":7}},"line":258}},"branchMap":{"0":{"loc":{"start":{"line":16,"column":4},"end":{"line":18,"column":5}},"type":"if","locations":[{"start":{"line":16,"column":4},"end":{"line":18,"column":5}},{"start":{},"end":{}}],"line":16},"1":{"loc":{"start":{"line":25,"column":6},"end":{"line":27,"column":7}},"type":"if","locations":[{"start":{"line":25,"column":6},"end":{"line":27,"column":7}},{"start":{},"end":{}}],"line":25},"2":{"loc":{"start":{"line":32,"column":6},"end":{"line":34,"column":7}},"type":"if","locations":[{"start":{"line":32,"column":6},"end":{"line":34,"column":7}},{"start":{},"end":{}}],"line":32},"3":{"loc":{"start":{"line":47,"column":6},"end":{"line":49,"column":7}},"type":"if","locations":[{"start":{"line":47,"column":6},"end":{"line":49,"column":7}},{"start":{},"end":{}}],"line":47},"4":{"loc":{"start":{"line":58,"column":14},"end":{"line":58,"column":19}},"type":"default-arg","locations":[{"start":{"line":58,"column":18},"end":{"line":58,"column":19}}],"line":58},"5":{"loc":{"start":{"line":71,"column":11},"end":{"line":71,"column":72}},"type":"binary-expr","locations":[{"start":{"line":71,"column":11},"end":{"line":71,"column":31}},{"start":{"line":71,"column":35},"end":{"line":71,"column":72}}],"line":71},"6":{"loc":{"start":{"line":84,"column":14},"end":{"line":84,"column":19}},"type":"default-arg","locations":[{"start":{"line":84,"column":18},"end":{"line":84,"column":19}}],"line":84},"7":{"loc":{"start":{"line":99,"column":6},"end":{"line":101,"column":7}},"type":"if","locations":[{"start":{"line":99,"column":6},"end":{"line":101,"column":7}},{"start":{},"end":{}}],"line":99},"8":{"loc":{"start":{"line":111,"column":6},"end":{"line":113,"column":7}},"type":"if","locations":[{"start":{"line":111,"column":6},"end":{"line":113,"column":7}},{"start":{},"end":{}}],"line":111},"9":{"loc":{"start":{"line":131,"column":23},"end":{"line":131,"column":70}},"type":"cond-expr","locations":[{"start":{"line":131,"column":46},"end":{"line":131,"column":58}},{"start":{"line":131,"column":61},"end":{"line":131,"column":70}}],"line":131},"10":{"loc":{"start":{"line":140,"column":30},"end":{"line":140,"column":43}},"type":"default-arg","locations":[{"start":{"line":140,"column":42},"end":{"line":140,"column":43}}],"line":140},"11":{"loc":{"start":{"line":141,"column":4},"end":{"line":143,"column":5}},"type":"if","locations":[{"start":{"line":141,"column":4},"end":{"line":143,"column":5}},{"start":{},"end":{}}],"line":141},"12":{"loc":{"start":{"line":145,"column":19},"end":{"line":145,"column":53}},"type":"cond-expr","locations":[{"start":{"line":145,"column":32},"end":{"line":145,"column":49}},{"start":{"line":145,"column":52},"end":{"line":145,"column":53}}],"line":145},"13":{"loc":{"start":{"line":147,"column":4},"end":{"line":166,"column":5}},"type":"if","locations":[{"start":{"line":147,"column":4},"end":{"line":166,"column":5}},{"start":{"line":156,"column":11},"end":{"line":166,"column":5}}],"line":147},"14":{"loc":{"start":{"line":149,"column":8},"end":{"line":149,"column":68}},"type":"cond-expr","locations":[{"start":{"line":149,"column":25},"end":{"line":149,"column":34}},{"start":{"line":149,"column":37},"end":{"line":149,"column":68}}],"line":149},"15":{"loc":{"start":{"line":152,"column":8},"end":{"line":154,"column":9}},"type":"if","locations":[{"start":{"line":152,"column":8},"end":{"line":154,"column":9}},{"start":{},"end":{}}],"line":152},"16":{"loc":{"start":{"line":162,"column":8},"end":{"line":164,"column":9}},"type":"if","locations":[{"start":{"line":162,"column":8},"end":{"line":164,"column":9}},{"start":{},"end":{}}],"line":162},"17":{"loc":{"start":{"line":176,"column":4},"end":{"line":186,"column":5}},"type":"if","locations":[{"start":{"line":176,"column":4},"end":{"line":186,"column":5}},{"start":{"line":180,"column":11},"end":{"line":186,"column":5}}],"line":176},"18":{"loc":{"start":{"line":183,"column":10},"end":{"line":183,"column":77}},"type":"if","locations":[{"start":{"line":183,"column":10},"end":{"line":183,"column":77}},{"start":{},"end":{}}],"line":183},"19":{"loc":{"start":{"line":195,"column":6},"end":{"line":197,"column":7}},"type":"if","locations":[{"start":{"line":195,"column":6},"end":{"line":197,"column":7}},{"start":{},"end":{}}],"line":195},"20":{"loc":{"start":{"line":199,"column":8},"end":{"line":204,"column":9}},"type":"if","locations":[{"start":{"line":199,"column":8},"end":{"line":204,"column":9}},{"start":{},"end":{}}],"line":199},"21":{"loc":{"start":{"line":199,"column":12},"end":{"line":199,"column":67}},"type":"binary-expr","locations":[{"start":{"line":199,"column":12},"end":{"line":199,"column":43}},{"start":{"line":199,"column":47},"end":{"line":199,"column":67}}],"line":199},"22":{"loc":{"start":{"line":200,"column":10},"end":{"line":202,"column":11}},"type":"if","locations":[{"start":{"line":200,"column":10},"end":{"line":202,"column":11}},{"start":{},"end":{}}],"line":200},"23":{"loc":{"start":{"line":218,"column":6},"end":{"line":220,"column":7}},"type":"if","locations":[{"start":{"line":218,"column":6},"end":{"line":220,"column":7}},{"start":{},"end":{}}],"line":218},"24":{"loc":{"start":{"line":232,"column":6},"end":{"line":234,"column":7}},"type":"if","locations":[{"start":{"line":232,"column":6},"end":{"line":234,"column":7}},{"start":{},"end":{}}],"line":232},"25":{"loc":{"start":{"line":245,"column":6},"end":{"line":247,"column":7}},"type":"if","locations":[{"start":{"line":245,"column":6},"end":{"line":247,"column":7}},{"start":{},"end":{}}],"line":245},"26":{"loc":{"start":{"line":260,"column":8},"end":{"line":262,"column":9}},"type":"if","locations":[{"start":{"line":260,"column":8},"end":{"line":262,"column":9}},{"start":{},"end":{}}],"line":260}},"s":{"0":1,"1":1,"2":6,"3":2,"4":4,"5":4,"6":4,"7":4,"8":13,"9":6,"10":13,"11":13,"12":13,"13":4,"14":4,"15":5,"16":5,"17":5,"18":22,"19":8,"20":5,"21":5,"22":5,"23":5,"24":7,"25":5,"26":5,"27":5,"28":7,"29":5,"30":5,"31":5,"32":7,"33":5,"34":6,"35":6,"36":6,"37":6,"38":9,"39":6,"40":4,"41":4,"42":4,"43":13,"44":10,"45":4,"46":4,"47":4,"48":7,"49":2,"50":2,"51":4,"52":7,"53":4,"54":4,"55":4,"56":10,"57":10,"58":10,"59":23,"60":4,"61":18,"62":4,"63":14,"64":14,"65":9,"66":9,"67":9,"68":15,"69":3,"70":5,"71":5,"72":5,"73":5,"74":7,"75":7,"76":1,"77":10,"78":7,"79":7,"80":6,"81":13,"82":1,"83":2,"84":2,"85":2,"86":7,"87":12,"88":14,"89":3,"90":11,"91":19,"92":13,"93":12,"94":13,"95":6,"96":12,"97":5,"98":5,"99":12,"100":8,"101":5,"102":4,"103":4,"104":12,"105":6,"106":4,"107":4,"108":4,"109":13,"110":4,"111":4,"112":4,"113":8,"114":8,"115":3,"116":8,"117":1},"f":{"0":6,"1":5,"2":5,"3":5,"4":6,"5":4,"6":4,"7":4,"8":7,"9":18,"10":7,"11":12,"12":14,"13":19,"14":5,"15":4,"16":4,"17":4,"18":8},"b":{"0":[2,4],"1":[6,7],"2":[4,9],"3":[8,14],"4":[3],"5":[12,10],"6":[1],"7":[10,3],"8":[2,5],"9":[19,4],"10":[13],"11":[4,14],"12":[12,2],"13":[9,5],"14":[8,1],"15":[3,12],"16":[1,6],"17":[6,1],"18":[2,0],"19":[3,11],"20":[13,6],"21":[19,6],"22":[12,1],"23":[8,4],"24":[6,6],"25":[4,9],"26":[3,5]},"_coverageSchema":"1a1c01bbd47fc00a2c39e90264f33305004495a9","hash":"516956b8de075311a97716a5330b0d17cf024eb1"}
,"C:\\Users\\Dai\\Desktop\\JavaScript Code\\RS Schools\\daikneitas\\daikneitas-JSFELT2022Q3\\custom-lodash\\daikneitas-JSFELT2022Q3\\src\\helperFunc.js": {"path":"C:\\Users\\Dai\\Desktop\\JavaScript Code\\RS Schools\\daikneitas\\daikneitas-JSFELT2022Q3\\custom-lodash\\daikneitas-JSFELT2022Q3\\src\\helperFunc.js","statementMap":{"0":{"start":{"line":4,"column":17},"end":{"line":4,"column":29}},"1":{"start":{"line":5,"column":10},"end":{"line":5,"column":11}},"2":{"start":{"line":6,"column":2},"end":{"line":8,"column":3}},"3":{"start":{"line":7,"column":4},"end":{"line":7,"column":34}},"4":{"start":{"line":9,"column":2},"end":{"line":9,"column":28}},"5":{"start":{"line":10,"column":2},"end":{"line":10,"column":22}},"6":{"start":{"line":13,"column":21},"end":{"line":20,"column":1}},"7":{"start":{"line":14,"column":12},"end":{"line":14,"column":62}},"8":{"start":{"line":15,"column":24},"end":{"line":15,"column":58}},"9":{"start":{"line":16,"column":2},"end":{"line":18,"column":3}},"10":{"start":{"line":16,"column":15},"end":{"line":16,"column":28}},"11":{"start":{"line":17,"column":4},"end":{"line":17,"column":40}},"12":{"start":{"line":19,"column":2},"end":{"line":19,"column":13}},"13":{"start":{"line":23,"column":2},"end":{"line":29,"column":3}},"14":{"start":{"line":25,"column":4},"end":{"line":25,"column":38}},"15":{"start":{"line":28,"column":4},"end":{"line":28,"column":30}},"16":{"start":{"line":33,"column":13},"end":{"line":33,"column":15}},"17":{"start":{"line":34,"column":2},"end":{"line":38,"column":3}},"18":{"start":{"line":35,"column":4},"end":{"line":37,"column":5}},"19":{"start":{"line":36,"column":6},"end":{"line":36,"column":28}},"20":{"start":{"line":39,"column":2},"end":{"line":39,"column":14}},"21":{"start":{"line":43,"column":2},"end":{"line":43,"column":53}},"22":{"start":{"line":47,"column":2},"end":{"line":49,"column":3}},"23":{"start":{"line":47,"column":15},"end":{"line":47,"column":16}},"24":{"start":{"line":48,"column":4},"end":{"line":48,"column":29}},"25":{"start":{"line":53,"column":14},"end":{"line":53,"column":19}},"26":{"start":{"line":54,"column":2},"end":{"line":58,"column":5}},"27":{"start":{"line":55,"column":4},"end":{"line":57,"column":5}},"28":{"start":{"line":56,"column":6},"end":{"line":56,"column":19}},"29":{"start":{"line":59,"column":2},"end":{"line":59,"column":15}},"30":{"start":{"line":62,"column":0},"end":{"line":70,"column":2}}},"fnMap":{"0":{"name":"customPush","decl":{"start":{"line":3,"column":9},"end":{"line":3,"column":19}},"loc":{"start":{"line":3,"column":38},"end":{"line":11,"column":1}},"line":3},"1":{"name":"(anonymous_1)","decl":{"start":{"line":13,"column":21},"end":{"line":13,"column":22}},"loc":{"start":{"line":13,"column":60},"end":{"line":20,"column":1}},"line":13},"2":{"name":"customObjectIs","decl":{"start":{"line":22,"column":9},"end":{"line":22,"column":23}},"loc":{"start":{"line":22,"column":30},"end":{"line":30,"column":1}},"line":22},"3":{"name":"customObjectKeys","decl":{"start":{"line":32,"column":9},"end":{"line":32,"column":25}},"loc":{"start":{"line":32,"column":31},"end":{"line":40,"column":1}},"line":32},"4":{"name":"isObjectLike","decl":{"start":{"line":42,"column":9},"end":{"line":42,"column":21}},"loc":{"start":{"line":42,"column":29},"end":{"line":44,"column":1}},"line":42},"5":{"name":"customForEach","decl":{"start":{"line":46,"column":9},"end":{"line":46,"column":22}},"loc":{"start":{"line":46,"column":38},"end":{"line":50,"column":1}},"line":46},"6":{"name":"customIncludes","decl":{"start":{"line":52,"column":9},"end":{"line":52,"column":23}},"loc":{"start":{"line":52,"column":34},"end":{"line":60,"column":1}},"line":52},"7":{"name":"(anonymous_7)","decl":{"start":{"line":54,"column":21},"end":{"line":54,"column":22}},"loc":{"start":{"line":54,"column":29},"end":{"line":58,"column":3}},"line":54}},"branchMap":{"0":{"loc":{"start":{"line":14,"column":12},"end":{"line":14,"column":62}},"type":"cond-expr","locations":[{"start":{"line":14,"column":41},"end":{"line":14,"column":53}},{"start":{"line":14,"column":56},"end":{"line":14,"column":62}}],"line":14},"1":{"loc":{"start":{"line":15,"column":24},"end":{"line":15,"column":58}},"type":"cond-expr","locations":[{"start":{"line":15,"column":53},"end":{"line":15,"column":54}},{"start":{"line":15,"column":57},"end":{"line":15,"column":58}}],"line":15},"2":{"loc":{"start":{"line":23,"column":2},"end":{"line":29,"column":3}},"type":"if","locations":[{"start":{"line":23,"column":2},"end":{"line":29,"column":3}},{"start":{"line":26,"column":9},"end":{"line":29,"column":3}}],"line":23},"3":{"loc":{"start":{"line":25,"column":11},"end":{"line":25,"column":37}},"type":"binary-expr","locations":[{"start":{"line":25,"column":11},"end":{"line":25,"column":18}},{"start":{"line":25,"column":22},"end":{"line":25,"column":37}}],"line":25},"4":{"loc":{"start":{"line":28,"column":11},"end":{"line":28,"column":29}},"type":"binary-expr","locations":[{"start":{"line":28,"column":11},"end":{"line":28,"column":18}},{"start":{"line":28,"column":22},"end":{"line":28,"column":29}}],"line":28},"5":{"loc":{"start":{"line":35,"column":4},"end":{"line":37,"column":5}},"type":"if","locations":[{"start":{"line":35,"column":4},"end":{"line":37,"column":5}},{"start":{},"end":{}}],"line":35},"6":{"loc":{"start":{"line":43,"column":9},"end":{"line":43,"column":52}},"type":"binary-expr","locations":[{"start":{"line":43,"column":9},"end":{"line":43,"column":34}},{"start":{"line":43,"column":38},"end":{"line":43,"column":52}}],"line":43},"7":{"loc":{"start":{"line":55,"column":4},"end":{"line":57,"column":5}},"type":"if","locations":[{"start":{"line":55,"column":4},"end":{"line":57,"column":5}},{"start":{},"end":{}}],"line":55}},"s":{"0":89,"1":89,"2":89,"3":89,"4":89,"5":89,"6":2,"7":9,"8":9,"9":9,"10":9,"11":19,"12":9,"13":22,"14":3,"15":19,"16":20,"17":20,"18":36,"19":35,"20":20,"21":14,"22":48,"23":48,"24":67,"25":25,"26":25,"27":34,"28":8,"29":25,"30":2},"f":{"0":89,"1":9,"2":22,"3":20,"4":14,"5":48,"6":25,"7":34},"b":{"0":[8,1],"1":[8,1],"2":[3,19],"3":[3,0],"4":[19,2],"5":[35,1],"6":[14,12],"7":[8,26]},"_coverageSchema":"1a1c01bbd47fc00a2c39e90264f33305004495a9","hash":"22130cd30eaa524b219acd5e1021d23ef85c9d2d"}
}
