TN:
SF:src\custom-lodash.js
FN:15,(anonymous_0)
FN:43,(anonymous_1)
FN:58,(anonymous_2)
FN:69,(anonymous_3)
FN:84,(anonymous_4)
FN:96,(anonymous_5)
FN:109,(anonymous_6)
FN:121,(anonymous_7)
FN:124,(anonymous_8)
FN:140,(anonymous_9)
FN:174,(anonymous_10)
FN:193,(anonymous_11)
FN:194,(anonymous_12)
FN:198,(anonymous_13)
FN:214,(anonymous_14)
FN:229,(anonymous_15)
FN:242,(anonymous_16)
FN:255,(anonymous_17)
FN:258,(anonymous_18)
FNF:19
FNH:19
FNDA:6,(anonymous_0)
FNDA:5,(anonymous_1)
FNDA:5,(anonymous_2)
FNDA:5,(anonymous_3)
FNDA:6,(anonymous_4)
FNDA:4,(anonymous_5)
FNDA:4,(anonymous_6)
FNDA:4,(anonymous_7)
FNDA:7,(anonymous_8)
FNDA:18,(anonymous_9)
FNDA:7,(anonymous_10)
FNDA:12,(anonymous_11)
FNDA:14,(anonymous_12)
FNDA:19,(anonymous_13)
FNDA:5,(anonymous_14)
FNDA:4,(anonymous_15)
FNDA:4,(anonymous_16)
FNDA:4,(anonymous_17)
FNDA:8,(anonymous_18)
DA:9,1
DA:11,1
DA:16,6
DA:17,2
DA:20,4
DA:21,4
DA:22,4
DA:24,4
DA:25,13
DA:26,6
DA:29,13
DA:31,13
DA:32,13
DA:33,4
DA:37,4
DA:44,5
DA:46,5
DA:47,22
DA:48,8
DA:52,5
DA:59,5
DA:60,5
DA:61,7
DA:63,5
DA:70,5
DA:71,5
DA:72,7
DA:74,5
DA:75,5
DA:76,7
DA:78,5
DA:85,6
DA:86,6
DA:87,6
DA:88,9
DA:90,6
DA:97,4
DA:98,4
DA:99,13
DA:100,10
DA:103,4
DA:110,4
DA:111,7
DA:112,2
DA:115,2
DA:122,4
DA:124,7
DA:127,4
DA:128,4
DA:129,10
DA:130,10
DA:131,23
DA:134,4
DA:141,18
DA:142,4
DA:145,14
DA:147,14
DA:149,9
DA:151,9
DA:152,15
DA:153,3
DA:157,5
DA:159,5
DA:160,7
DA:162,7
DA:163,1
DA:168,10
DA:175,7
DA:176,7
DA:177,6
DA:178,13
DA:181,1
DA:182,2
DA:183,2
DA:187,7
DA:194,12
DA:195,14
DA:196,3
DA:198,11
DA:199,19
DA:200,13
DA:201,12
DA:203,13
DA:205,6
DA:208,12
DA:215,5
DA:217,5
DA:218,12
DA:219,8
DA:223,5
DA:230,4
DA:231,4
DA:232,12
DA:233,6
DA:236,4
DA:243,4
DA:244,4
DA:245,13
DA:246,4
DA:249,4
DA:256,4
DA:259,8
DA:260,8
DA:261,3
DA:263,8
DA:270,1
LF:106
LH:106
BRDA:16,0,0,2
BRDA:16,0,1,4
BRDA:25,1,0,6
BRDA:25,1,1,7
BRDA:32,2,0,4
BRDA:32,2,1,9
BRDA:47,3,0,8
BRDA:47,3,1,14
BRDA:58,4,0,3
BRDA:71,5,0,12
BRDA:71,5,1,10
BRDA:84,6,0,1
BRDA:99,7,0,10
BRDA:99,7,1,3
BRDA:111,8,0,2
BRDA:111,8,1,5
BRDA:131,9,0,19
BRDA:131,9,1,4
BRDA:140,10,0,13
BRDA:141,11,0,4
BRDA:141,11,1,14
BRDA:145,12,0,12
BRDA:145,12,1,2
BRDA:147,13,0,9
BRDA:147,13,1,5
BRDA:149,14,0,8
BRDA:149,14,1,1
BRDA:152,15,0,3
BRDA:152,15,1,12
BRDA:162,16,0,1
BRDA:162,16,1,6
BRDA:176,17,0,6
BRDA:176,17,1,1
BRDA:183,18,0,2
BRDA:183,18,1,0
BRDA:195,19,0,3
BRDA:195,19,1,11
BRDA:199,20,0,13
BRDA:199,20,1,6
BRDA:199,21,0,19
BRDA:199,21,1,6
BRDA:200,22,0,12
BRDA:200,22,1,1
BRDA:218,23,0,8
BRDA:218,23,1,4
BRDA:232,24,0,6
BRDA:232,24,1,6
BRDA:245,25,0,4
BRDA:245,25,1,9
BRDA:260,26,0,3
BRDA:260,26,1,5
BRF:51
BRH:50
end_of_record
TN:
SF:src\helperFunc.js
FN:3,customPush
FN:13,(anonymous_1)
FN:22,customObjectIs
FN:32,customObjectKeys
FN:42,isObjectLike
FN:46,customForEach
FN:52,customIncludes
FN:54,(anonymous_7)
FNF:8
FNH:8
FNDA:89,customPush
FNDA:9,(anonymous_1)
FNDA:22,customObjectIs
FNDA:20,customObjectKeys
FNDA:14,isObjectLike
FNDA:48,customForEach
FNDA:25,customIncludes
FNDA:34,(anonymous_7)
DA:4,89
DA:5,89
DA:6,89
DA:7,89
DA:9,89
DA:10,89
DA:13,2
DA:14,9
DA:15,9
DA:16,9
DA:17,19
DA:19,9
DA:23,22
DA:25,3
DA:28,19
DA:33,20
DA:34,20
DA:35,36
DA:36,35
DA:39,20
DA:43,14
DA:47,48
DA:48,67
DA:53,25
DA:54,25
DA:55,34
DA:56,8
DA:59,25
DA:62,2
LF:29
LH:29
BRDA:14,0,0,8
BRDA:14,0,1,1
BRDA:15,1,0,8
BRDA:15,1,1,1
BRDA:23,2,0,3
BRDA:23,2,1,19
BRDA:25,3,0,3
BRDA:25,3,1,0
BRDA:28,4,0,19
BRDA:28,4,1,2
BRDA:35,5,0,35
BRDA:35,5,1,1
BRDA:43,6,0,14
BRDA:43,6,1,12
BRDA:55,7,0,8
BRDA:55,7,1,26
BRF:16
BRH:15
end_of_record
